[0.008s] Invoking command in '/home/ubantuu/robot_arm_ws/build/robot_description': CMAKE_PREFIX_PATH=/opt/ros/humble /usr/bin/cmake /home/ubantuu/robot_arm_ws/src/robot_description -DAMENT_CMAKE_SYMLINK_INSTALL=1 -DCMAKE_INSTALL_PREFIX=/home/ubantuu/robot_arm_ws/install/robot_description
[0.117s] -- The C compiler identification is GNU 11.4.0
[0.342s] -- The CXX compiler identification is GNU 11.4.0
[0.480s] -- Detecting C compiler ABI info
[0.558s] -- Detecting C compiler ABI info - done
[0.562s] -- Check for working C compiler: /usr/bin/cc - skipped
[0.563s] -- Detecting C compile features
[0.563s] -- Detecting C compile features - done
[0.566s] -- Detecting CXX compiler ABI info
[0.649s] -- Detecting CXX compiler ABI info - done
[0.655s] -- Check for working CXX compiler: /usr/bin/c++ - skipped
[0.655s] -- Detecting CXX compile features
[0.655s] -- Detecting CXX compile features - done
[0.662s] -- Found ament_cmake: 1.3.10 (/opt/ros/humble/share/ament_cmake/cmake)
[0.760s] -- Found Python3: /usr/bin/python3 (found version "3.10.12") found components: Interpreter 
[0.804s] -- Override CMake install command with custom implementation using symlinks instead of copying resources
[0.850s] -- Found ament_lint_auto: 0.12.11 (/opt/ros/humble/share/ament_lint_auto/cmake)
[0.910s] -- Added test 'lint_cmake' to check CMake code style
[0.912s] -- Added test 'xmllint' to check XML markup files
[0.914s] -- Configuring done
[0.917s] -- Generating done
[0.918s] -- Build files have been written to: /home/ubantuu/robot_arm_ws/build/robot_description
[0.922s] Invoked command in '/home/ubantuu/robot_arm_ws/build/robot_description' returned '0': CMAKE_PREFIX_PATH=/opt/ros/humble /usr/bin/cmake /home/ubantuu/robot_arm_ws/src/robot_description -DAMENT_CMAKE_SYMLINK_INSTALL=1 -DCMAKE_INSTALL_PREFIX=/home/ubantuu/robot_arm_ws/install/robot_description
[0.923s] Invoking command in '/home/ubantuu/robot_arm_ws/build/robot_description': CMAKE_PREFIX_PATH=/opt/ros/humble /usr/bin/cmake --build /home/ubantuu/robot_arm_ws/build/robot_description -- -j12 -l12
[0.944s] Invoked command in '/home/ubantuu/robot_arm_ws/build/robot_description' returned '0': CMAKE_PREFIX_PATH=/opt/ros/humble /usr/bin/cmake --build /home/ubantuu/robot_arm_ws/build/robot_description -- -j12 -l12
[0.963s] Invoking command in '/home/ubantuu/robot_arm_ws/build/robot_description': CMAKE_PREFIX_PATH=/opt/ros/humble /usr/bin/cmake --install /home/ubantuu/robot_arm_ws/build/robot_description
[0.966s] -- Install configuration: ""
[0.967s] -- Execute custom install script
[0.968s] -- Symlinking: /home/ubantuu/robot_arm_ws/install/robot_description/share/robot_description/meshes/base_plate.STL
[0.972s] -- Symlinking: /home/ubantuu/robot_arm_ws/install/robot_description/share/robot_description/meshes/basement.STL
[0.977s] -- Symlinking: /home/ubantuu/robot_arm_ws/install/robot_description/share/robot_description/meshes/claw_support.STL
[0.982s] -- Symlinking: /home/ubantuu/robot_arm_ws/install/robot_description/share/robot_description/meshes/forward_drive_arm.STL
[0.986s] -- Symlinking: /home/ubantuu/robot_arm_ws/install/robot_description/share/robot_description/meshes/horizontal_arm.STL
[0.991s] -- Symlinking: /home/ubantuu/robot_arm_ws/install/robot_description/share/robot_description/meshes/left_finger.STL
[0.995s] -- Symlinking: /home/ubantuu/robot_arm_ws/install/robot_description/share/robot_description/meshes/link.STL
[1.000s] -- Symlinking: /home/ubantuu/robot_arm_ws/install/robot_description/share/robot_description/meshes/plate.STL
[1.004s] -- Symlinking: /home/ubantuu/robot_arm_ws/install/robot_description/share/robot_description/meshes/right_finger.STL
[1.009s] -- Symlinking: /home/ubantuu/robot_arm_ws/install/robot_description/share/robot_description/meshes/round_plate.STL
[1.014s] -- Symlinking: /home/ubantuu/robot_arm_ws/install/robot_description/share/robot_description/meshes/servo_plate.STL
[1.018s] -- Symlinking: /home/ubantuu/robot_arm_ws/install/robot_description/share/robot_description/meshes/triangular_link.STL
[1.023s] -- Symlinking: /home/ubantuu/robot_arm_ws/install/robot_description/share/robot_description/meshes/vertical_drive_arm.STL
[1.027s] -- Symlinking: /home/ubantuu/robot_arm_ws/install/robot_description/share/robot_description/urdf/robot.urdf.xacro
[1.032s] -- Symlinking: /home/ubantuu/robot_arm_ws/install/robot_description/share/ament_index/resource_index/package_run_dependencies/robot_description
[1.037s] -- Symlinking: /home/ubantuu/robot_arm_ws/install/robot_description/share/ament_index/resource_index/parent_prefix_path/robot_description
[1.042s] -- Symlinking: /home/ubantuu/robot_arm_ws/install/robot_description/share/robot_description/environment/ament_prefix_path.sh
[1.046s] -- Symlinking: /home/ubantuu/robot_arm_ws/install/robot_description/share/robot_description/environment/ament_prefix_path.dsv
[1.051s] -- Symlinking: /home/ubantuu/robot_arm_ws/install/robot_description/share/robot_description/environment/path.sh
[1.055s] -- Symlinking: /home/ubantuu/robot_arm_ws/install/robot_description/share/robot_description/environment/path.dsv
[1.060s] -- Symlinking: /home/ubantuu/robot_arm_ws/install/robot_description/share/robot_description/local_setup.bash
[1.064s] -- Symlinking: /home/ubantuu/robot_arm_ws/install/robot_description/share/robot_description/local_setup.sh
[1.069s] -- Symlinking: /home/ubantuu/robot_arm_ws/install/robot_description/share/robot_description/local_setup.zsh
[1.074s] -- Symlinking: /home/ubantuu/robot_arm_ws/install/robot_description/share/robot_description/local_setup.dsv
[1.078s] -- Symlinking: /home/ubantuu/robot_arm_ws/install/robot_description/share/robot_description/package.dsv
[1.083s] -- Symlinking: /home/ubantuu/robot_arm_ws/install/robot_description/share/ament_index/resource_index/packages/robot_description
[1.087s] -- Symlinking: /home/ubantuu/robot_arm_ws/install/robot_description/share/robot_description/cmake/robot_descriptionConfig.cmake
[1.092s] -- Symlinking: /home/ubantuu/robot_arm_ws/install/robot_description/share/robot_description/cmake/robot_descriptionConfig-version.cmake
[1.096s] -- Symlinking: /home/ubantuu/robot_arm_ws/install/robot_description/share/robot_description/package.xml
[1.102s] Invoked command in '/home/ubantuu/robot_arm_ws/build/robot_description' returned '0': CMAKE_PREFIX_PATH=/opt/ros/humble /usr/bin/cmake --install /home/ubantuu/robot_arm_ws/build/robot_description
